<?xml version="1.0" encoding="UTF-8"?>
<!-- Generated by org.testng.reporters.JUnitReportReporter -->
<testsuite skipped="0" hostname="CDC2-D-CH5WXJ2" name="New_Package.NewTest" tests="2" failures="0" timestamp="27 Jun 2018 04:44:33 GMT" time="0.008" errors="0">
  <testcase name="Login_1" time="0.002" classname="New_Package.NewTest"/>
  <testcase name="Login" time="0.006" classname="New_Package.NewTest"/>
</testsuite> <!-- New_Package.NewTest -->
