<?xml version="1.0" encoding="UTF-8"?>
<!-- Generated by org.testng.reporters.JUnitReportReporter -->
<testsuite skipped="0" hostname="CDC2-D-CH5WXJ2" name="com.firefox.Openbrowser" tests="1" failures="0" timestamp="27 Jun 2018 05:29:52 GMT" time="3.937" errors="0">
  <testcase name="googlesearch" time="3.937" classname="com.firefox.Openbrowser"/>
</testsuite> <!-- com.firefox.Openbrowser -->
