<?xml version="1.0" encoding="UTF-8"?>
<!-- Generated by org.testng.reporters.JUnitReportReporter -->
<testsuite skipped="0" hostname="CDC2-D-CH5WXJ2" name="maven.com.NewTest" tests="2" failures="0" timestamp="27 Jun 2018 04:50:32 GMT" time="0.008" errors="0">
  <testcase name="Login_1" time="0.001" classname="maven.com.NewTest"/>
  <testcase name="Login" time="0.007" classname="maven.com.NewTest"/>
</testsuite> <!-- maven.com.NewTest -->
